<?xml version="1.0" encoding="UTF-8"?>
<testsuite name="ScrabbleScorerTest" tests="3" skipped="0" failures="0" errors="0" timestamp="2016-09-07T18:08:59" hostname="epicodus-13.local" time="0.001">
  <properties/>
  <testcase name="calcScore_returnCorrectValueForLetter_int" classname="ScrabbleScorerTest" time="0.001"/>
  <testcase name="calcScore_returnValueForLetter_1" classname="ScrabbleScorerTest" time="0.0"/>
  <testcase name="calcScore_returnPointForEachLetter_3" classname="ScrabbleScorerTest" time="0.0"/>
  <system-out><![CDATA[]]></system-out>
  <system-err><![CDATA[]]></system-err>
</testsuite>
